<?xml version="1.0" encoding="UTF-8"?>
<testsuite xmlns:xsi="http://www.w3.org/2001/XMLSchema-instance" xsi:noNamespaceSchemaLocation="https://maven.apache.org/surefire/maven-surefire-plugin/xsd/surefire-test-report-3.0.xsd" version="3.0" name="ru.pazik98.ZuzexTestTask.ZuzexTestTaskApplicationTests" time="2.072" tests="1" errors="0" skipped="0" failures="0">
  <properties>
[...]
</properties>
  <testcase name="contextLoads" classname="ru.pazik98.ZuzexTestTask.ZuzexTestTaskApplicationTests" time="0.883">
    <system-out><![CDATA[13:08:01.151 [main] INFO org.springframework.test.context.support.AnnotationConfigContextLoaderUtils -- Could not detect default configuration classes for test class [ru.pazik98.ZuzexTestTask.ZuzexTestTaskApplicationTests]: ZuzexTestTaskApplicationTests does not declare any static, non-private, non-final, nested classes annotated with @Configuration.
13:08:01.265 [main] INFO org.springframework.boot.test.context.SpringBootTestContextBootstrapper -- Found @SpringBootConfiguration ru.pazik98.ZuzexTestTask.ZuzexTestTaskApplication for test class ru.pazik98.ZuzexTestTask.ZuzexTestTaskApplicationTests

  .   ____          _            __ _ _
 /\\ / ___'_ __ _ _(_)_ __  __ _ \ \ \ \
( ( )\___ | '_ | '_| | '_ \/ _` | \ \ \ \
 \\/  ___)| |_)| | | | | || (_| |  ) ) ) )
  '  |____| .__|_| |_|_| |_\__, | / / / /
 =========|_|==============|___/=/_/_/_/
 :: Spring Boot ::                (v3.1.5)

2023-11-17T13:08:01.690+03:00  INFO 15100 --- [           main] r.p.Z.ZuzexTestTaskApplicationTests      : Starting ZuzexTestTaskApplicationTests using Java 18.0.1.1 with PID 15100 (started by pazik98 in F:\Projects\Java\ZuzexTestTask)
2023-11-17T13:08:01.691+03:00  INFO 15100 --- [           main] r.p.Z.ZuzexTestTaskApplicationTests      : No active profile set, falling back to 1 default profile: "default"
2023-11-17T13:08:02.138+03:00  INFO 15100 --- [           main] r.p.Z.ZuzexTestTaskApplicationTests      : Started ZuzexTestTaskApplicationTests in 0.715 seconds (process running for 1.668)
]]></system-out>
  </testcase>
</testsuite>